reset_timestep 0

unfix 4
fix 4 gpCTbd move linear -$v 0 0 units box  # cutting speed = v * 100 (m s^-1 in the x-direction)
fix 4 gpCTbd move linear -3.0 0 0 units box  

# Output strain and stress info to file
# for units metal, pressure is in [bars] = 100 [kPa] = 1/10000 [GPa]
# p2, p3, p4 are in GPa


dump	 0dumpCSP all custom  500 ${respath}/dump.cutsic.*.lammpstrj id type mol x y z vx vy vz f_12
dump	 0dumpCSP all custom  500 eq_fix2_3.0x100_m_s-1_Groove1T1_SiC_EA/dump.cutsic.*.lammpstrj id type mol x y z vx vy vz f_12
  #c_atomdisp[4] c_atomstres[1] c_atomstres[2] c_atomstres[3] c_atomstres[4] c_atomstres[5] c_atomstres[6]
dump_modify 0dumpCSP element C Si C

write_restart cut_sic_re_eq.0000.restart
No /omp style for force computation currently active
WARNING: One or more atoms are time integrated more than once (../modify_cuda.cpp:225)
restart 10000 ${respath}/restart_files/cut_sic.*.restart
restart 10000 eq_fix2_3.0x100_m_s-1_Groove1T1_SiC_EA/restart_files/cut_sic.*.restart

# For the cutting advancement of 20 nm
variable Nstep equal ceil(400000/$v)
variable Nstep equal ceil(400000/3.0)
run ${Nstep}
run 133334
No /omp style for force computation currently active
WARNING: One or more atoms are time integrated more than once (../modify_cuda.cpp:225)
Memory usage per processor = 45.0373 Mbytes
Step myCTtemp myWPtemp Press TotEng Fmax Fnorm 
       0    310.64213    374.34524    536.49626   -1024958.2    9.2937621    763.22282 
WARNING: # CUDA: You asked for a Verlet integration using Cuda, but several fixes have not yet been ported to Cuda.
This can cause a severe speed penalty due to frequent data synchronization between host and GPU. (../verlet_cuda.cpp:629)
     500    304.46573    376.50828    27348.295    -996506.2    3918.0334    14472.828 
    1000    308.75663    382.09215    31662.016    -995677.6    4028.7299    14812.715 
    1500    292.27684    384.21131    36216.868   -994858.48    4098.4225    15146.629 
    2000    293.84945    384.33458    39457.719   -996137.09    3918.0334    14473.746 
    2500    289.74253    386.52055    42417.883   -995212.73    4028.7299    14813.587 
    3000    287.60043    388.96297     41702.09   -994304.89    4098.4225    15147.264 
    3500    291.88672    387.31371    41703.505   -995453.86    3918.0334    14474.149 
    4000    305.14648    387.11549    45234.566   -994385.05    4028.7299    14814.433 
    4500    299.94475    392.52023     49507.71   -993254.87    4098.4225    15148.729 
    5000    307.49778     395.6431    55552.393   -994253.41    3918.0334    14476.362 
    5500    318.02364    400.63989    64044.277   -992952.44    4028.7299    14816.922 
    6000    320.70163     403.3087    72689.119    -991575.8    4098.4225    15151.624 
    6500    338.52341    405.98423    75804.093   -992290.96    3918.0334    14479.232 
    7000    347.57996    410.85721    78326.648   -990761.12    4028.7299    14819.263 
    7500    348.61823    412.81269    81740.384   -989196.08    4098.4225    15153.553 
    8000    347.03346    413.81297    85794.597   -989747.17    3918.0334    14481.363 
    8500    348.95619    416.45824    87787.717   -988050.96    4028.7299    14820.994 
    9000    354.61969    415.20159    91229.633   -986298.15    4098.4225    15155.063 
    9500    358.13084    425.21057    98563.791    -986690.6    3918.0334    14483.229 
   10000    381.60367    432.25026     101147.5   -984163.62    4098.4225    15156.138 
   10500    410.10077    444.11014    99466.239   -983047.73    4098.4225    15156.277 
   11000    447.21593    480.22553    95832.599   -983458.81    3918.0334    14484.844 
   11500    517.07595    547.71973    88909.866   -981804.79    4028.7299    14825.676 
   12000     672.3332    599.23407    79125.883   -980372.66    4098.4225    15160.621 
   12500    765.21738    620.39541    68209.948    -981407.2    3918.0334    14488.773 
   13000    862.43088    630.23266    64926.301   -980382.04    4028.7299    14829.677 
   13500      857.353    630.12988    65343.881   -979465.16    4098.4225    15164.314 
   14000    847.40442    623.69507    66387.344   -980764.22    3918.0334    14492.445 
   14500    790.75606    631.17564    64892.526   -979925.59    4028.7299     14831.03 
   15000    756.18066    625.84978    64290.366   -979050.13    4098.4225    15164.068 
   15500        713.5    615.57601    65356.271   -980302.64    3918.0334    14491.946 
   16000    678.70471     622.3716    67968.519   -979264.72    4028.7299     14831.24 
   16500    663.53149    619.69001    69966.023   -978211.61    4098.4225    15165.247 
   17000    654.01552    626.13177    70930.144   -979226.96    3918.0334    14492.761 
   17500    652.17608    635.74746    74895.863   -977967.34    4028.7299    14833.753 
   18000    651.63227     643.0291    77276.696   -976742.87    4098.4225    15168.297 
   18500    649.55988    653.55753    76727.291    -977675.6    3918.0334     14495.74 
   19000    649.94045    658.58765    77603.722   -976415.48    4028.7299    14835.372 
   19500    643.39207    670.36308    77249.062   -975206.55    4098.4225    15168.838 
   20000    643.61858    675.38145    75521.567   -974804.26    4098.4225    15168.972 
   20500    628.71079    690.10907    74570.228   -975115.14    4028.7299    14836.619 
   21000     647.6709    692.29422    77386.147   -973937.47    4098.4225    15170.153 
   21500    653.16411    704.78722    78602.285   -974918.31    3918.0334    14498.648 
   22000    666.95232    711.70598    80898.578   -973721.74    4028.7299    14839.294 
   22500    683.92828    727.38506    82552.702   -972581.93    4098.4225    15173.225 
   23000      673.578    731.59511    81532.745   -973627.33    3918.0334    14501.318 
   23500    662.31845    729.49823    82368.918   -972469.27    4028.7299    14840.992 
   24000    653.31582    739.28188    83253.617   -971287.29    4098.4225    15173.938 
   24500    649.73054    751.77163    84076.535   -972386.68    3918.0334    14502.803 
   25000    662.26263     766.8845    88357.964    -970991.2    4028.7299    14844.305 
   25500    669.68643    772.34928    96031.548   -966101.56    4098.4225     15352.82 
   26000    647.22029     778.8595    106334.74   -926883.38    3918.0334    25994.464 
   26500    634.22721     790.6887    96076.631   -871666.23    4895.3752    51067.506 
   27000    630.79202    811.08738     81162.42   -882707.18    4895.3752    50803.464 
   27500     629.2784    833.72225    74371.378   -883187.77    4895.3752    50800.957 
   28000    651.58512    873.58329    74180.911   -882726.59    4895.3752    50801.404 
   28500     662.5343    879.92441     76658.64   -882598.58    4895.3752    50801.793 
   29000    669.27596    882.24173    78844.584   -882537.28    4895.3752    50802.326 
   29500    676.94428    886.52878    79447.504   -882511.45    4895.3752    50802.873 
   30000    709.17543    892.58765    76951.366    -882428.4    4895.3752    50802.137 
   30500    700.15553    884.51819    73576.209   -882357.02    4895.3752    50801.854 
   31000      695.364    875.15792    70715.428   -882324.23    4895.3752    50801.593 
   31500    692.58925    865.07099    71676.788   -882263.71    4895.3752    50801.572 
   32000    673.45814    875.05435    74700.344   -882188.97    4895.3752    50801.762 
   32500    671.19924     872.9141    79920.664   -882060.16    4895.3752    50802.956 
   33000    675.12097    866.03878    84336.352    -881814.8    4895.3752    50802.893 
   33500    645.53531    876.59727    87390.092   -881492.66    4895.3752    50802.536 
   34000    638.57925    872.18597     88830.06   -881135.97    4895.3752    50803.128 
   34500    627.66711    871.73688    88388.403    -880796.9    4895.3752     50802.85 
   35000    636.61081    878.79165     87206.33   -880487.65    4895.3752     50803.44 
   35500    633.25839    876.82492    85859.327   -880162.21    4895.3752    50802.436 
   36000    636.44293    873.00257    85964.243   -879788.55    4895.3752     50802.53 
   36500    630.53402    872.31849    88137.784   -879366.25    4895.3752    50803.378 
   37000    646.75699    872.40968     90962.05   -878970.52    4895.3752    50802.909 
   37500    637.98427    882.31592     90628.24   -878573.04    4895.3752    50803.023 
   38000    631.59778     880.4709    90850.276   -878175.28    4895.3752    50803.016 
   38500    629.66485     883.8351    89755.126   -877737.19    4895.3752    50803.263 
   39000    623.71254    888.40268    90287.976   -877279.59    4895.3752    50803.478 
   39500    628.31269     901.1045    90018.116   -876812.66    4895.3752    50803.433 
   40000    639.81631    908.36646    87786.221   -876319.12    4895.3752     50803.45 
   40500    650.53054    907.13182    88444.908   -875829.24    4895.3752    50803.466 
   41000    638.39425    923.29526    88260.788   -875405.05    4895.3752    50803.583 
   41500    626.84597    929.57138     87786.13   -875002.95    4895.3752    50803.769 
   42000    629.62879     935.4328     86256.92    -874575.5    4895.3752    50803.671 
   42500    626.80531    951.82498     84026.82   -874185.48    4895.3752    50803.699 
   43000    645.27092    954.05576    83028.669   -873741.18    4895.3752    50803.887 
   43500     641.2704    958.82663    85148.686   -873256.82    4895.3752     50804.21 
   44000    645.65665    970.73996    86026.099   -872775.56    4895.3752     50804.38 
   44500    647.00412    969.89073    86296.684   -872312.36    4895.3752    50804.172 
   45000    656.91032     970.2002    85878.791   -871830.34    4895.3752    50804.409 
   45500    633.29893    984.50631    83275.849   -871418.41    4895.3752    50804.202 
   46000    641.40637    981.83318    81797.644   -870992.18    4895.3752    50804.033 
   46500    624.75718    980.20298    80534.062   -870502.71    4895.3752    50804.156 
   47000    608.60914    987.20941    79158.897   -869975.46    4895.3752    50803.821 
   47500    607.63626    992.71893    79229.275   -869437.89    4895.3752    50804.324 
   48000    600.08648    995.75303    78990.991   -868960.82    4895.3752    50804.241 
   48500    588.67683    1009.0487    77836.426   -868465.52    4895.3752    50803.956 
   49000    583.99662    1020.7146    76174.342   -867992.86    4895.3752    50803.983 
   49500     581.8471    1046.2418    74154.102   -867568.38    4895.3752    50804.059 
   50000    590.75163    1072.0114    70858.521   -867204.04    4895.3752    50804.172 
   50500    595.39241    1095.0827    67148.782   -866900.37    4895.3752    50804.059 
   51000    610.63689    1109.5687    65519.334   -866655.55    4895.3752    50804.284 
   51500    639.00128    1124.0007    64127.521    -866504.9    4895.3752    50804.323 
   52000     645.3114    1130.2244    63124.886   -866392.27    4895.3752    50804.324 
   52500    661.43413    1140.8709    62865.021   -866353.35    4895.3752    50804.471 
   53000    661.00023    1130.4799    60725.795   -866339.87    4895.3752    50804.427 
   53500     659.4656     1139.282    58933.192   -866318.19    4895.3752    50804.088 
   54000    653.78163    1133.2604    57834.767   -866277.14    4895.3752    50804.094 
   54500    647.90561     1136.261    57602.353   -866230.88    4895.3752     50804.24 
   55000    653.33314    1133.5336    58062.445   -866174.88    4895.3752    50804.851 
   55500      641.398    1128.2695    58929.806   -866170.68    4895.3752    50804.491 
   56000    647.44512    1129.4347    58684.944   -866115.92    4895.3752    50804.415 
   56500    631.93099    1120.2127    59420.506   -866007.17    4895.3752    50804.769 
   57000    641.99432    1127.0465     60601.22   -865880.54    4895.3752    50804.731 
   57500     621.3999    1120.0528    61148.566   -865714.34    4895.3752    50804.844 
   58000    626.36629     1124.365    62997.659   -865534.63    4895.3752    50805.118 
   58500    638.26084     1113.551    63225.245   -865331.17    4895.3752      50805.1 
   59000    645.00131    1111.6767    63336.711    -865094.6    4895.3752    50805.403 
   59500    645.65432    1115.0844    63038.036   -864840.28    4895.3752    50805.008 
   60000    632.38245    1111.7591    63563.958   -864495.93    4895.3752    50805.257 
   60500    639.76011     1114.723